  base.cpp
C:\Users\dattr\C++sourcecode\ChickenInvaders-master\common.h(15,28): warning C4305: 'initializing': truncation from 'double' to 'float'
  (compiling source file 'base.cpp')
  
  Boss.cpp
C:\Users\dattr\C++sourcecode\ChickenInvaders-master\common.h(15,28): warning C4305: 'initializing': truncation from 'double' to 'float'
  (compiling source file 'Boss.cpp')
  
  bullet.cpp
C:\Users\dattr\C++sourcecode\ChickenInvaders-master\common.h(15,28): warning C4305: 'initializing': truncation from 'double' to 'float'
  (compiling source file 'bullet.cpp')
  
C:\Users\dattr\C++sourcecode\ChickenInvaders-master\bullet.cpp(29,16): warning C4244: '+=': conversion from 'double' to 'int', possible loss of data
C:\Users\dattr\C++sourcecode\ChickenInvaders-master\bullet.cpp(35,16): warning C4244: '+=': conversion from 'double' to 'int', possible loss of data
C:\Users\dattr\C++sourcecode\ChickenInvaders-master\bullet.cpp(41,16): warning C4244: '+=': conversion from 'double' to 'int', possible loss of data
  Chicken.cpp
C:\Users\dattr\C++sourcecode\ChickenInvaders-master\common.h(15,28): warning C4305: 'initializing': truncation from 'double' to 'float'
  (compiling source file 'Chicken.cpp')
  
  Explosion.cpp
C:\Users\dattr\C++sourcecode\ChickenInvaders-master\common.h(15,28): warning C4305: 'initializing': truncation from 'double' to 'float'
  (compiling source file 'Explosion.cpp')
  
  game_management.cpp
C:\Users\dattr\C++sourcecode\ChickenInvaders-master\Common.h(15,28): warning C4305: 'initializing': truncation from 'double' to 'float'
  (compiling source file 'game_management.cpp')
  
C:\Users\dattr\C++sourcecode\ChickenInvaders-master\game_management.cpp(306,64): warning C4244: 'argument': conversion from 'float' to 'int', possible loss of data
C:\Users\dattr\C++sourcecode\ChickenInvaders-master\game_management.cpp(458,31): warning C4244: 'argument': conversion from 'float' to 'const int', possible loss of data
  Gift.cpp
C:\Users\dattr\C++sourcecode\ChickenInvaders-master\common.h(15,28): warning C4305: 'initializing': truncation from 'double' to 'float'
  (compiling source file 'Gift.cpp')
  
  main.cpp
C:\Users\dattr\C++sourcecode\ChickenInvaders-master\Common.h(15,28): warning C4305: 'initializing': truncation from 'double' to 'float'
  (compiling source file 'main.cpp')
  
  space_ship.cpp
C:\Users\dattr\C++sourcecode\ChickenInvaders-master\common.h(15,28): warning C4305: 'initializing': truncation from 'double' to 'float'
  (compiling source file 'space_ship.cpp')
  
  Text.cpp
C:\Users\dattr\C++sourcecode\ChickenInvaders-master\common.h(15,28): warning C4305: 'initializing': truncation from 'double' to 'float'
  (compiling source file 'Text.cpp')
  
  Generating Code...
  Chicken Invaders3.vcxproj -> C:\Users\dattr\C++sourcecode\ChickenInvaders-master\x64\Debug\Chicken Invaders3.exe
